<?xml version="1.0" encoding="UTF-8"?>
<!-- Generated by org.testng.reporters.JUnitReportReporter -->
<testsuite hostname="DESKTOP-F6L6QI8" failures="0" tests="1" name="jobscrapper.testcases.Indeedwebscrapping" time="30.873" errors="0" timestamp="6 Apr 2022 21:26:41 GMT">
  <testcase classname="jobscrapper.testcases.Indeedwebscrapping" name="jobssearchcriteria" time="30.873"/>
</testsuite> <!-- jobscrapper.testcases.Indeedwebscrapping -->
