<?xml version="1.0" encoding="UTF-8"?>
<!-- Generated by org.testng.reporters.JUnitReportReporter -->
<testsuite hostname="DESKTOP-F6L6QI8" failures="0" tests="1" name="jobscrapper.testcases.newtest" time="71.472" errors="0" timestamp="2022-04-07T13:36:55 EDT" skipped="0">
  <testcase classname="jobscrapper.testcases.newtest" name="restassuredJobSearch" time="71.472"/>
  <system-out/>
</testsuite> <!-- jobscrapper.testcases.newtest -->
